Active-HDL 15.0.261.9132 2024-10-30 11:59:34

Elaboration top modules:
Architecture                  Test_Mult4(Test_Mult4)


----------------------------------------------------------------------------------------------
Entity      | Architecture | Library | Info | Compiler Version          | Compilation Options
----------------------------------------------------------------------------------------------
Test_Mult4  | Test_Mult4   | main    |      | 15.0.261.9132 (Windows64) | -O3
Mult4       | Mult4        | main    |      | 15.0.261.9132 (Windows64) | -O3
ShiftN      | Behavior     | main    |      | 15.0.261.9132 (Windows64) | -O3
Adder8      | Estructura   | main    |      | 15.0.261.9132 (Windows64) | -O3
Accumulator | acc          | main    |      | 15.0.261.9132 (Windows64) | -O3
Controller  | FSM          | main    |      | 15.0.261.9132 (Windows64) | -O3
fulladder   | ecuacion     | main    |      | 15.0.261.9132 (Windows64) | -O3
----------------------------------------------------------------------------------------------

----------------------------------------------------------------------------------------------
VHDL Package               | Library | Info | Compiler Version          | Compilation Options
----------------------------------------------------------------------------------------------
standard                   | std     |      |                           | <unavailable>
Utils                      | main    |      | 15.0.261.9132 (Windows64) | -O3
----------------------------------------------------------------------------------------------

----------------------------------------------------------------------------------------------
Library                    | Comment
----------------------------------------------------------------------------------------------
main                       | None
std                        | Standard VHDL library
----------------------------------------------------------------------------------------------
