# ELBREAD: Elaboration process.
# ELBREAD: Elaboration time 0.0 [s].
# ELBREAD: Elaboration process.
# ELBREAD: Elaboration time 0.0 [s].
asim -O5 +access +r +m+test_mult4 test_mult4 test_mult4
# ELBREAD: Elaboration process.
# ELBREAD: Elaboration time 0.0 [s].
# VSIM: Stack memory: 32MB
# VSIM: Retval memory: 32MB
# 
# KERNEL: Main thread initiated.
# KERNEL: Kernel process initialization phase.
# ELAB2: Elaboration final pass...
# ELAB2: Create instances ...
# KERNEL: Time resolution set to 1ps.
# ELAB2: Create instances complete.
# SLP: Started
# SLP: Elaboration phase ...
# SLP: Elaboration phase ... skipped, nothing to simulate in SLP mode : 0.0 [s]
# SLP: Finished : 0.0 [s]
# ELAB2: Elaboration final pass complete - time: 0.3 [s].
# KERNEL: Warning: You are using the Active-HDL Student Edition. The performance of simulation is running at a reduced rate.
# KERNEL: Warning: Contact Aldec for available upgrade options - sales@aldec.com.
# KERNEL: Kernel process initialization done.
# Allocation: Simulator allocated 6411 kB (elbread=427 elab2=5848 kernel=135 sdf=0)
# KERNEL: ASDB file was created in location C:\Users\cocog\OneDrive\Documents\unlp\taller-arquitectura\tallerArquitectura\main\src\wave.asdb
#  11:33, miércoles, 30 de octubre de 2024
#  Simulation has been initialized
run 100 ns
# EXECUTION:: FAILURE: Simulacion finalizada. 
# EXECUTION:: Time: 0 ps,  Iteration: 1,  Instance: /Test_Mult4,  Process: line__39.
# KERNEL: Stopped at time 0 ps + 1.
# add wave -noreg {/Test_Mult4/CLK}
# add wave -noreg {/Test_Mult4/Done}
# add wave -noreg {/Test_Mult4/STB}
# add wave -noreg {/Test_Mult4/A}
# add wave -noreg {/Test_Mult4/B}
# add wave -noreg {/Test_Mult4/Result}
# VSIM: 6 object(s) traced.
# Waveform file 'untitled.awc' connected to 'C:/Users/cocog/OneDrive/Documents/unlp/taller-arquitectura/tallerArquitectura/main/src/wave.asdb'.
run 100 ns
# KERNEL: stopped at time: 100 ns
run 100 ns
# KERNEL: stopped at time: 200 ns
run 100 ns
# KERNEL: stopped at time: 300 ns
run 100 ns
acom -O3 -e 100 -work main -2002  $dsn/src/Test_Mult4.vhd
# Compile Entity "Test_Mult4"
# Compile Architecture "Test_Mult4" of Entity "Test_Mult4"
# Compile success 0 Errors 0 Warnings  Analysis time :  46.0 [ms]
# ELBREAD: Elaboration process.
# ELBREAD: Elaboration time 0.0 [s].
# 
# KERNEL: Main thread initiated.
# KERNEL: Kernel process initialization phase.
# ELAB2: Elaboration final pass...
# ELAB2: Create instances ...
# KERNEL: Time resolution set to 1ps.
# ELAB2: Create instances complete.
# SLP: Started
# SLP: Elaboration phase ...
# SLP: Elaboration phase ... skipped, nothing to simulate in SLP mode : 0.0 [s]
# SLP: Finished : 0.0 [s]
# ELAB2: Elaboration final pass complete - time: 0.0 [s].
# KERNEL: Warning: You are using the Active-HDL Student Edition. The performance of simulation is running at a reduced rate.
# KERNEL: Warning: Contact Aldec for available upgrade options - sales@aldec.com.
# KERNEL: Kernel process initialization done.
# Allocation: Simulator allocated 6411 kB (elbread=427 elab2=5848 kernel=135 sdf=0)
# KERNEL: ASDB file was created in location C:\Users\cocog\OneDrive\Documents\unlp\taller-arquitectura\tallerArquitectura\main\src\wave.asdb
#  11:35, miércoles, 30 de octubre de 2024
#  Simulation has been initialized
# Waveform file 'untitled.awc' connected to 'C:/Users/cocog/OneDrive/Documents/unlp/taller-arquitectura/tallerArquitectura/main/src/wave.asdb'.
run 100 ns
# EXECUTION:: NOTE   : Simulacion finalizada. 
# EXECUTION:: Time: 0 ps,  Iteration: 1,  Instance: /Test_Mult4,  Process: line__39.
# KERNEL: stopped at time: 100 ns
run 100 ns
# KERNEL: stopped at time: 200 ns
run 100 ns
acom -O3 -e 100 -work main -2002  $dsn/src/Test_Mult4.vhd
# Compile Entity "Test_Mult4"
# Compile Architecture "Test_Mult4" of Entity "Test_Mult4"
# Compile success 0 Errors 0 Warnings  Analysis time :  47.0 [ms]
# ELBREAD: Elaboration process.
# ELBREAD: Elaboration time 0.0 [s].
# 
# KERNEL: Main thread initiated.
# KERNEL: Kernel process initialization phase.
# ELAB2: Elaboration final pass...
# ELAB2: Create instances ...
# KERNEL: Time resolution set to 1ps.
# ELAB2: Create instances complete.
# SLP: Started
# SLP: Elaboration phase ...
# SLP: Elaboration phase ... skipped, nothing to simulate in SLP mode : 0.0 [s]
# SLP: Finished : 0.0 [s]
# ELAB2: Elaboration final pass complete - time: 0.0 [s].
# KERNEL: Warning: You are using the Active-HDL Student Edition. The performance of simulation is running at a reduced rate.
# KERNEL: Warning: Contact Aldec for available upgrade options - sales@aldec.com.
# KERNEL: Kernel process initialization done.
# Allocation: Simulator allocated 6411 kB (elbread=427 elab2=5848 kernel=135 sdf=0)
# KERNEL: ASDB file was created in location C:\Users\cocog\OneDrive\Documents\unlp\taller-arquitectura\tallerArquitectura\main\src\wave.asdb
#  11:36, miércoles, 30 de octubre de 2024
#  Simulation has been initialized
# Waveform file 'untitled.awc' connected to 'C:/Users/cocog/OneDrive/Documents/unlp/taller-arquitectura/tallerArquitectura/main/src/wave.asdb'.
run 100 ns
# EXECUTION:: NOTE   : Simulacion finalizada. 
# EXECUTION:: Time: 0 ps,  Iteration: 1,  Instance: /Test_Mult4,  Process: line__39.
# KERNEL: stopped at time: 100 ns
run 100 ns
# KERNEL: stopped at time: 200 ns
run 100 ns
# KERNEL: stopped at time: 300 ns
run 100 ns
acom -O3 -e 100 -work main -2002  $dsn/src/Mult4.vhd $dsn/src/Test_Mult4.vhd
# Compile Entity "Mult4"
# Compile Architecture "Mult4" of Entity "Mult4"
# Compile Entity "Test_Mult4"
# Compile Architecture "Test_Mult4" of Entity "Test_Mult4"
# Compile success 0 Errors 0 Warnings  Analysis time :  0.1 [s]
# ELBREAD: Elaboration process.
# ELBREAD: Elaboration time 0.0 [s].
# 
# KERNEL: Main thread initiated.
# KERNEL: Kernel process initialization phase.
# ELAB2: Elaboration final pass...
# ELAB2: Create instances ...
# KERNEL: Time resolution set to 1ps.
# ELAB2: Create instances complete.
# SLP: Started
# SLP: Elaboration phase ...
# SLP: Elaboration phase ... skipped, nothing to simulate in SLP mode : 0.0 [s]
# SLP: Finished : 0.0 [s]
# ELAB2: Elaboration final pass complete - time: 0.0 [s].
# KERNEL: Warning: You are using the Active-HDL Student Edition. The performance of simulation is running at a reduced rate.
# KERNEL: Warning: Contact Aldec for available upgrade options - sales@aldec.com.
# KERNEL: Kernel process initialization done.
# Allocation: Simulator allocated 6411 kB (elbread=427 elab2=5848 kernel=135 sdf=0)
# KERNEL: ASDB file was created in location C:\Users\cocog\OneDrive\Documents\unlp\taller-arquitectura\tallerArquitectura\main\src\wave.asdb
#  11:44, miércoles, 30 de octubre de 2024
#  Simulation has been initialized
# Waveform file 'untitled.awc' connected to 'C:/Users/cocog/OneDrive/Documents/unlp/taller-arquitectura/tallerArquitectura/main/src/wave.asdb'.
run 100 ns
# EXECUTION:: NOTE   : Simulacion finalizada. 
# EXECUTION:: Time: 0 ps,  Iteration: 1,  Instance: /Test_Mult4,  Process: line__39.
# KERNEL: stopped at time: 100 ns
run 100 ns
# KERNEL: stopped at time: 200 ns
run 100 ns
# EXECUTION:: NOTE   : Simulacion finalizada. 
# EXECUTION:: Time: 210 ns,  Iteration: 2,  Instance: /Test_Mult4,  Process: line__39.
# KERNEL: stopped at time: 300 ns
run 100 ns
acom -O3 -e 100 -work main -2002  $dsn/src/Mult4.vhd $dsn/src/Test_Mult4.vhd
# Compile Entity "Mult4"
# Compile Architecture "Mult4" of Entity "Mult4"
# Compile Entity "Test_Mult4"
# Compile Architecture "Test_Mult4" of Entity "Test_Mult4"
# Compile success 0 Errors 0 Warnings  Analysis time :  94.0 [ms]
# ELBREAD: Elaboration process.
# ELBREAD: Elaboration time 0.0 [s].
# 
# KERNEL: Main thread initiated.
# KERNEL: Kernel process initialization phase.
# ELAB2: Elaboration final pass...
# ELAB2: Create instances ...
# KERNEL: Time resolution set to 1ps.
# ELAB2: Create instances complete.
# SLP: Started
# SLP: Elaboration phase ...
# SLP: Elaboration phase ... skipped, nothing to simulate in SLP mode : 0.0 [s]
# SLP: Finished : 0.0 [s]
# ELAB2: Elaboration final pass complete - time: 0.0 [s].
# KERNEL: Warning: You are using the Active-HDL Student Edition. The performance of simulation is running at a reduced rate.
# KERNEL: Warning: Contact Aldec for available upgrade options - sales@aldec.com.
# KERNEL: Kernel process initialization done.
# Allocation: Simulator allocated 6411 kB (elbread=427 elab2=5848 kernel=135 sdf=0)
# KERNEL: ASDB file was created in location C:\Users\cocog\OneDrive\Documents\unlp\taller-arquitectura\tallerArquitectura\main\src\wave.asdb
#  11:45, miércoles, 30 de octubre de 2024
#  Simulation has been initialized
# Waveform file 'untitled.awc' connected to 'C:/Users/cocog/OneDrive/Documents/unlp/taller-arquitectura/tallerArquitectura/main/src/wave.asdb'.
run 100 ns
# EXECUTION:: FAILURE: Simulacion finalizada. 
# EXECUTION:: Time: 0 ps,  Iteration: 1,  Instance: /Test_Mult4,  Process: line__39.
# KERNEL: Stopped at time 0 ps + 1.
run 100 ns
# KERNEL: stopped at time: 100 ns
run 100 ns
# EXECUTION:: FAILURE: Simulacion finalizada. 
# EXECUTION:: Time: 140 ns,  Iteration: 2,  Instance: /Test_Mult4,  Process: line__39.
# KERNEL: Stopped at time 140 ns + 2.
run 100 ns
# KERNEL: stopped at time: 240 ns
run 100 ns
acom -O3 -e 100 -work main -2002  $dsn/src/Test_Mult4.vhd
# Compile Entity "Test_Mult4"
# Compile Architecture "Test_Mult4" of Entity "Test_Mult4"
# Compile success 0 Errors 0 Warnings  Analysis time :  63.0 [ms]
# ELBREAD: Elaboration process.
# ELBREAD: Elaboration time 0.0 [s].
# 
# KERNEL: Main thread initiated.
# KERNEL: Kernel process initialization phase.
# ELAB2: Elaboration final pass...
# ELAB2: Create instances ...
# KERNEL: Time resolution set to 1ps.
# ELAB2: Create instances complete.
# SLP: Started
# SLP: Elaboration phase ...
# SLP: Elaboration phase ... skipped, nothing to simulate in SLP mode : 0.0 [s]
# SLP: Finished : 0.0 [s]
# ELAB2: Elaboration final pass complete - time: 0.0 [s].
# KERNEL: Warning: You are using the Active-HDL Student Edition. The performance of simulation is running at a reduced rate.
# KERNEL: Warning: Contact Aldec for available upgrade options - sales@aldec.com.
# KERNEL: Kernel process initialization done.
# Allocation: Simulator allocated 6411 kB (elbread=427 elab2=5848 kernel=135 sdf=0)
# KERNEL: ASDB file was created in location C:\Users\cocog\OneDrive\Documents\unlp\taller-arquitectura\tallerArquitectura\main\src\wave.asdb
#  11:46, miércoles, 30 de octubre de 2024
#  Simulation has been initialized
# Waveform file 'untitled.awc' connected to 'C:/Users/cocog/OneDrive/Documents/unlp/taller-arquitectura/tallerArquitectura/main/src/wave.asdb'.
run 100 ns
# EXECUTION:: NOTE   : Simulacion finalizada. 
# EXECUTION:: Time: 0 ps,  Iteration: 1,  Instance: /Test_Mult4,  Process: line__39.
# KERNEL: stopped at time: 100 ns
run 100 ns
# EXECUTION:: NOTE   : Simulacion finalizada. 
# EXECUTION:: Time: 140 ns,  Iteration: 2,  Instance: /Test_Mult4,  Process: line__39.
# KERNEL: stopped at time: 200 ns
run 100 ns
acom -O3 -e 100 -work main -2002  $dsn/src/Mult4.vhd
# Compile Entity "Mult4"
# Compile Architecture "Mult4" of Entity "Mult4"
# Compile success 0 Errors 0 Warnings  Analysis time :  47.0 [ms]
# ELBREAD: Elaboration process.
# ELBREAD: Elaboration time 0.0 [s].
# 
# KERNEL: Main thread initiated.
# KERNEL: Kernel process initialization phase.
# ELAB2: Elaboration final pass...
# ELAB2: Create instances ...
# KERNEL: Time resolution set to 1ps.
# ELAB2: Create instances complete.
# SLP: Started
# SLP: Elaboration phase ...
# SLP: Elaboration phase ... skipped, nothing to simulate in SLP mode : 0.0 [s]
# SLP: Finished : 0.0 [s]
# ELAB2: Elaboration final pass complete - time: 0.0 [s].
# KERNEL: Warning: You are using the Active-HDL Student Edition. The performance of simulation is running at a reduced rate.
# KERNEL: Warning: Contact Aldec for available upgrade options - sales@aldec.com.
# KERNEL: Kernel process initialization done.
# Allocation: Simulator allocated 6411 kB (elbread=427 elab2=5848 kernel=135 sdf=0)
# KERNEL: ASDB file was created in location C:\Users\cocog\OneDrive\Documents\unlp\taller-arquitectura\tallerArquitectura\main\src\wave.asdb
#  11:54, miércoles, 30 de octubre de 2024
#  Simulation has been initialized
# Waveform file 'untitled.awc' connected to 'C:/Users/cocog/OneDrive/Documents/unlp/taller-arquitectura/tallerArquitectura/main/src/wave.asdb'.
run 100 ns
# EXECUTION:: NOTE   : Simulacion finalizada. 
# EXECUTION:: Time: 0 ps,  Iteration: 1,  Instance: /Test_Mult4,  Process: line__39.
# KERNEL: stopped at time: 100 ns
run 100 ns
# EXECUTION:: NOTE   : Simulacion finalizada. 
# EXECUTION:: Time: 140 ns,  Iteration: 2,  Instance: /Test_Mult4,  Process: line__39.
# KERNEL: stopped at time: 200 ns
run 100 ns
# EXECUTION:: NOTE   : Simulacion finalizada. 
# EXECUTION:: Time: 252 ns,  Iteration: 2,  Instance: /Test_Mult4,  Process: line__39.
# KERNEL: stopped at time: 300 ns
restart
# ELBREAD: Elaboration process.
# ELBREAD: Elaboration time 0.0 [s].
# 
# KERNEL: Main thread initiated.
# KERNEL: Kernel process initialization phase.
# ELAB2: Elaboration final pass...
# ELAB2: Create instances ...
# KERNEL: Time resolution set to 1ps.
# ELAB2: Create instances complete.
# SLP: Started
# SLP: Elaboration phase ...
# SLP: Elaboration phase ... skipped, nothing to simulate in SLP mode : 0.0 [s]
# SLP: Finished : 0.0 [s]
# ELAB2: Elaboration final pass complete - time: 0.0 [s].
# KERNEL: Warning: You are using the Active-HDL Student Edition. The performance of simulation is running at a reduced rate.
# KERNEL: Warning: Contact Aldec for available upgrade options - sales@aldec.com.
# KERNEL: Kernel process initialization done.
# Allocation: Simulator allocated 6411 kB (elbread=427 elab2=5848 kernel=135 sdf=0)
# KERNEL: ASDB file was created in location C:\Users\cocog\OneDrive\Documents\unlp\taller-arquitectura\tallerArquitectura\main\src\wave.asdb
#  11:54, miércoles, 30 de octubre de 2024
#  Simulation has been initialized
# Waveform file 'untitled.awc' connected to 'C:/Users/cocog/OneDrive/Documents/unlp/taller-arquitectura/tallerArquitectura/main/src/wave.asdb'.
run 100 ns
acom -O3 -e 100 -work main -2002  $dsn/src/Test_Mult4.vhd
# Compile Entity "Test_Mult4"
# Compile Architecture "Test_Mult4" of Entity "Test_Mult4"
# Compile success 0 Errors 0 Warnings  Analysis time :  47.0 [ms]
# ELBREAD: Elaboration process.
# ELBREAD: Elaboration time 0.0 [s].
# 
# KERNEL: Main thread initiated.
# KERNEL: Kernel process initialization phase.
# ELAB2: Elaboration final pass...
# ELAB2: Create instances ...
# KERNEL: Time resolution set to 1ps.
# ELAB2: Create instances complete.
# SLP: Started
# SLP: Elaboration phase ...
# SLP: Elaboration phase ... skipped, nothing to simulate in SLP mode : 0.0 [s]
# SLP: Finished : 0.0 [s]
# ELAB2: Elaboration final pass complete - time: 0.0 [s].
# KERNEL: Warning: You are using the Active-HDL Student Edition. The performance of simulation is running at a reduced rate.
# KERNEL: Warning: Contact Aldec for available upgrade options - sales@aldec.com.
# KERNEL: Kernel process initialization done.
# Allocation: Simulator allocated 6411 kB (elbread=427 elab2=5848 kernel=135 sdf=0)
# KERNEL: ASDB file was created in location C:\Users\cocog\OneDrive\Documents\unlp\taller-arquitectura\tallerArquitectura\main\src\wave.asdb
#  11:54, miércoles, 30 de octubre de 2024
#  Simulation has been initialized
# Waveform file 'untitled.awc' connected to 'C:/Users/cocog/OneDrive/Documents/unlp/taller-arquitectura/tallerArquitectura/main/src/wave.asdb'.
run 100 ns
# EXECUTION:: NOTE   : Simulacion finalizada. 
# EXECUTION:: Time: 0 ps,  Iteration: 1,  Instance: /Test_Mult4,  Process: line__39.
# KERNEL: stopped at time: 100 ns
run 100 ns
# KERNEL: stopped at time: 200 ns
run 100 ns
# EXECUTION:: NOTE   : Simulacion finalizada. 
# EXECUTION:: Time: 210 ns,  Iteration: 2,  Instance: /Test_Mult4,  Process: line__39.
# KERNEL: stopped at time: 300 ns
# Waveform file 'C:/Users/cocog/OneDrive/Documents/unlp/taller-arquitectura/tallerArquitectura/main/src/simulacion2.awc' connected to 'C:/Users/cocog/OneDrive/Documents/unlp/taller-arquitectura/tallerArquitectura/main/src/simulacion2.asdb'.
# Adding file C:\Users\cocog\OneDrive\Documents\unlp\taller-arquitectura\tallerArquitectura\main\src\simulacion2.asdb ... Done
# Adding file C:\Users\cocog\OneDrive\Documents\unlp\taller-arquitectura\tallerArquitectura\main\src\simulacion2.awc ... Done
run 100 ns
acom -O3 -e 100 -work main -2002  $dsn/src/Mult4.vhd
# Compile Entity "Mult4"
# Compile Architecture "Mult4" of Entity "Mult4"
# Compile success 0 Errors 0 Warnings  Analysis time :  31.0 [ms]
# ELBREAD: Elaboration process.
# ELBREAD: Elaboration time 0.0 [s].
# 
# KERNEL: Main thread initiated.
# KERNEL: Kernel process initialization phase.
# ELAB2: Elaboration final pass...
# ELAB2: Create instances ...
# KERNEL: Time resolution set to 1ps.
# ELAB2: Create instances complete.
# SLP: Started
# SLP: Elaboration phase ...
# SLP: Elaboration phase ... skipped, nothing to simulate in SLP mode : 0.0 [s]
# SLP: Finished : 0.0 [s]
# ELAB2: Elaboration final pass complete - time: 0.0 [s].
# KERNEL: Warning: You are using the Active-HDL Student Edition. The performance of simulation is running at a reduced rate.
# KERNEL: Warning: Contact Aldec for available upgrade options - sales@aldec.com.
# KERNEL: Kernel process initialization done.
# Allocation: Simulator allocated 6411 kB (elbread=427 elab2=5848 kernel=135 sdf=0)
# KERNEL: ASDB file was created in location C:\Users\cocog\OneDrive\Documents\unlp\taller-arquitectura\tallerArquitectura\main\src\wave.asdb
#  11:59, miércoles, 30 de octubre de 2024
#  Simulation has been initialized
run 100 ns
# EXECUTION:: NOTE   : Simulacion finalizada. 
# EXECUTION:: Time: 0 ps,  Iteration: 1,  Instance: /Test_Mult4,  Process: line__39.
# KERNEL: stopped at time: 100 ns
# add wave -noreg {/Test_Mult4/CLK}
# add wave -noreg {/Test_Mult4/Done}
# add wave -noreg {/Test_Mult4/STB}
# add wave -noreg {/Test_Mult4/A}
# add wave -noreg {/Test_Mult4/B}
# add wave -noreg {/Test_Mult4/Result}
# KERNEL: Warning: KERNEL_0291 Object "/Test_Mult4/CLK" has already been traced.
# KERNEL: Warning: KERNEL_0291 Object "/Test_Mult4/Done" has already been traced.
# KERNEL: Warning: KERNEL_0291 Object "/Test_Mult4/STB" has already been traced.
# KERNEL: Warning: KERNEL_0291 Object "/Test_Mult4/A" has already been traced.
# KERNEL: Warning: KERNEL_0291 Object "/Test_Mult4/B" has already been traced.
# KERNEL: Warning: KERNEL_0291 Object "/Test_Mult4/Result" has already been traced.
# VSIM: 0 object(s) traced.
# Waveform file 'untitled.awc' connected to 'C:/Users/cocog/OneDrive/Documents/unlp/taller-arquitectura/tallerArquitectura/main/src/wave.asdb'.
run 100 ns
# KERNEL: stopped at time: 200 ns
run 100 ns
# EXECUTION:: NOTE   : Simulacion finalizada. 
# EXECUTION:: Time: 210 ns,  Iteration: 2,  Instance: /Test_Mult4,  Process: line__39.
# KERNEL: stopped at time: 300 ns
# Waveform file 'C:/Users/cocog/OneDrive/Documents/unlp/taller-arquitectura/tallerArquitectura/main/src/simulacion1.awc' connected to 'C:/Users/cocog/OneDrive/Documents/unlp/taller-arquitectura/tallerArquitectura/main/src/simulacion1.asdb'.
# Adding file C:\Users\cocog\OneDrive\Documents\unlp\taller-arquitectura\tallerArquitectura\main\src\simulacion1.asdb ... Done
# Adding file C:\Users\cocog\OneDrive\Documents\unlp\taller-arquitectura\tallerArquitectura\main\src\simulacion1.awc ... Done
